<?xml version="1.0" encoding="UTF-8"?>
<!-- Generated by org.testng.reporters.JUnitReportReporter -->
<testsuite hostname="ThinkP51" failures="0" tests="2" name="Login" time="13.242" errors="0" timestamp="2023-03-12T14:04:11 PDT" skipped="0">
  <testcase classname="Login" name="verifyLoginWithValidCreditials" time="5.975"/>
  <system-out/>
  <testcase classname="Login" name="verifyLoginWithInvalidCreditials" time="7.267"/>
  <system-out/>
</testsuite> <!-- Login -->
