<?xml version="1.0" encoding="UTF-8"?>
<!-- Generated by org.testng.reporters.JUnitReportReporter -->
<testsuite hostname="ThinkP51" failures="0" tests="1" name="Sample" time="0.010" errors="0" timestamp="2023-03-12T12:50:50 PDT" skipped="0">
  <testcase classname="Sample" name="sampleMethodOne" time="0.010"/>
  <system-out/>
</testsuite> <!-- Sample -->
