<?xml version="1.0" encoding="UTF-8"?>
<!-- Generated by org.testng.reporters.JUnitReportReporter -->
<testsuite hostname="ThinkP51" failures="0" tests="1" name="test.Demo" time="0.001" errors="0" timestamp="2023-03-20T16:34:44 PDT" skipped="0">
  <testcase classname="test.Demo" name="sample" time="0.001"/>
  <system-out/>
</testsuite> <!-- test.Demo -->
