<?xml version="1.0" encoding="UTF-8"?>
<!-- Generated by org.testng.reporters.JUnitReportReporter -->
<testsuite hostname="ThinkP51" failures="0" tests="1" name="test.Sample" time="0.014" errors="0" timestamp="2023-03-20T16:34:44 PDT" skipped="0">
  <testcase classname="test.Sample" name="sampleMethodOne" time="0.014"/>
  <system-out/>
</testsuite> <!-- test.Sample -->
