<?xml version="1.0" encoding="UTF-8"?>
<!-- Generated by org.testng.reporters.JUnitReportReporter -->
<testsuite hostname="ThinkP51" failures="0" tests="2" name="Login" time="14.075" errors="0" timestamp="2023-03-20T16:11:30 PDT" skipped="0">
  <testcase classname="Login" name="verifyLoginWithValidCreditials" time="8.686"/>
  <system-out/>
  <testcase classname="Login" name="verifyLoginWithInvalidCreditials" time="5.389"/>
  <system-out/>
</testsuite> <!-- Login -->
