<?xml version="1.0" encoding="UTF-8"?>
<!-- Generated by org.testng.reporters.JUnitReportReporter -->
<testsuite hostname="ThinkP51" failures="0" tests="1" name="Demo" time="0.020" errors="0" timestamp="2023-03-12T12:36:47 PDT" skipped="0">
  <testcase classname="Demo" name="sample" time="0.020"/>
  <system-out/>
</testsuite> <!-- Demo -->
