<?xml version="1.0" encoding="UTF-8"?>
<!-- Generated by org.testng.reporters.JUnitReportReporter -->
<testsuite hostname="ThinkP51" failures="0" tests="2" name="test.Login" time="14.227" errors="0" timestamp="2023-03-20T17:03:07 PDT" skipped="0">
  <testcase classname="test.Login" name="verifyLoginWithValidCreditials" time="8.365"/>
  <system-out/>
  <testcase classname="test.Login" name="verifyLoginWithInvalidCreditials" time="5.862"/>
  <system-out/>
</testsuite> <!-- test.Login -->
